This file contains any messages produced by compilers while
running configure, to aid debugging if configure makes a mistake.

It was created by Protocol Buffers configure 3.14.0, which was
generated by GNU Autoconf 2.69.  Invocation command line was

  $ ./configure 

## --------- ##
## Platform. ##
## --------- ##

hostname = xunlongchuangweideMac-mini.local
uname -m = x86_64
uname -r = 19.4.0
uname -s = Darwin
uname -v = Darwin Kernel Version 19.4.0: Wed Mar  4 22:28:40 PST 2020; root:xnu-6153.101.6~15/RELEASE_X86_64

/usr/bin/uname -p = i386
/bin/uname -X     = unknown

/bin/arch              = unknown
/usr/bin/arch -k       = unknown
/usr/convex/getsysinfo = unknown
/usr/bin/hostinfo      = Mach kernel version:
	 Darwin Kernel Version 19.4.0: Wed Mar  4 22:28:40 PST 2020; root:xnu-6153.101.6~15/RELEASE_X86_64
Kernel configured for up to 4 processors.
4 processors are physically available.
4 processors are logically available.
Processor type: x86_64h (Intel x86-64h Haswell)
Processors active: 0 1 2 3
Primary memory available: 16.00 gigabytes
Default processor set: 452 tasks, 2304 threads, 4 processors
Load average: 2.28, Mach factor: 1.98
/bin/machine           = unknown
/usr/bin/oslevel       = unknown
/bin/universe          = unknown

PATH: /Users/xlcw/bin
PATH: /usr/local/bin
PATH: /Users/xlcw/flutter/bin
PATH: /Library/Java/JavaVirtualMachines/jdk1.8.0_144.jdk/Contents/Home/bin
PATH: /usr/local/opt/openssl/bin
PATH: /Applications/CMake.app/Contents/bin
PATH: /usr/local/protobuf/bin
PATH: /Library/Frameworks/Python.framework/Versions/3.8/bin
PATH: /usr/local/bin
PATH: /usr/bin
PATH: /bin
PATH: /usr/sbin
PATH: /sbin
PATH: /usr/local/share/dotnet
PATH: ~/.dotnet/tools
PATH: /Library/Apple/usr/bin
PATH: /Library/Frameworks/Mono.framework/Versions/Current/Commands


## ----------- ##
## Core tests. ##
## ----------- ##

configure:2609: checking whether to enable maintainer-specific portions of Makefiles
configure:2618: result: yes
configure:2693: checking build system type
configure:2707: result: x86_64-apple-darwin19.4.0
configure:2727: checking host system type
configure:2740: result: x86_64-apple-darwin19.4.0
configure:2760: checking target system type
configure:2773: result: x86_64-apple-darwin19.4.0
configure:2816: checking for a BSD-compatible install
configure:2884: result: /usr/bin/install -c
configure:2895: checking whether build environment is sane
configure:2950: result: yes
configure:3101: checking for a thread-safe mkdir -p
configure:3140: result: ./install-sh -c -d
configure:3147: checking for gawk
configure:3177: result: no
configure:3147: checking for mawk
configure:3177: result: no
configure:3147: checking for nawk
configure:3177: result: no
configure:3147: checking for awk
configure:3163: found /usr/bin/awk
configure:3174: result: awk
configure:3185: checking whether make sets $(MAKE)
configure:3207: result: yes
configure:3236: checking whether make supports nested variables
configure:3253: result: yes
configure:3342: checking whether UID '501' is supported by ustar format
configure:3345: result: yes
configure:3352: checking whether GID '20' is supported by ustar format
configure:3355: result: yes
configure:3363: checking how to create a ustar tar archive
configure:3374: tar --version
bsdtar 3.3.2 - libarchive 3.3.2 zlib/1.2.11 liblzma/5.0.5 bz2lib/1.0.6
configure:3377: $? = 0
configure:3417: tardir=conftest.dir && eval tar --format=ustar -chf - "$tardir" >conftest.tar
configure:3420: $? = 0
configure:3424: tar -xf - <conftest.tar
configure:3427: $? = 0
configure:3429: cat conftest.dir/file
GrepMe
configure:3432: $? = 0
configure:3445: result: gnutar
configure:3510: checking whether make supports nested variables
configure:3527: result: yes
configure:3620: checking for gcc
configure:3636: found /usr/bin/gcc
configure:3647: result: gcc
configure:3876: checking for C compiler version
configure:3885: gcc --version >&5
Apple clang version 12.0.0 (clang-1200.0.32.21)
Target: x86_64-apple-darwin19.4.0
Thread model: posix
InstalledDir: /Applications/Xcode.app/Contents/Developer/Toolchains/XcodeDefault.xctoolchain/usr/bin
Configured with: --prefix=/Applications/Xcode.app/Contents/Developer/usr --with-gxx-include-dir=/Applications/Xcode.app/Contents/Developer/Platforms/MacOSX.platform/Developer/SDKs/MacOSX.sdk/usr/include/c++/4.2.1
configure:3896: $? = 0
configure:3885: gcc -v >&5
Configured with: --prefix=/Applications/Xcode.app/Contents/Developer/usr --with-gxx-include-dir=/Applications/Xcode.app/Contents/Developer/Platforms/MacOSX.platform/Developer/SDKs/MacOSX.sdk/usr/include/c++/4.2.1
Apple clang version 12.0.0 (clang-1200.0.32.21)
Target: x86_64-apple-darwin19.4.0
Thread model: posix
InstalledDir: /Applications/Xcode.app/Contents/Developer/Toolchains/XcodeDefault.xctoolchain/usr/bin
configure:3896: $? = 0
configure:3885: gcc -V >&5
clang: error: argument to '-V' is missing (expected 1 value)
clang: error: no input files
configure:3896: $? = 1
configure:3885: gcc -qversion >&5
clang: error: unknown argument '-qversion'; did you mean '--version'?
clang: error: no input files
configure:3896: $? = 1
configure:3916: checking whether the C compiler works
configure:3938: gcc    conftest.c  >&5
configure:3942: $? = 0
configure:3990: result: yes
configure:3993: checking for C compiler default output file name
configure:3995: result: a.out
configure:4001: checking for suffix of executables
configure:4008: gcc -o conftest    conftest.c  >&5
configure:4012: $? = 0
configure:4034: result: 
configure:4056: checking whether we are cross compiling
configure:4064: gcc -o conftest    conftest.c  >&5
configure:4068: $? = 0
configure:4075: ./conftest
configure:4079: $? = 0
configure:4094: result: no
configure:4099: checking for suffix of object files
configure:4121: gcc -c   conftest.c >&5
configure:4125: $? = 0
configure:4146: result: o
configure:4150: checking whether we are using the GNU C compiler
configure:4169: gcc -c   conftest.c >&5
configure:4169: $? = 0
configure:4178: result: yes
configure:4187: checking whether gcc accepts -g
configure:4207: gcc -c -g  conftest.c >&5
configure:4207: $? = 0
configure:4248: result: yes
configure:4265: checking for gcc option to accept ISO C89
configure:4328: gcc  -c   conftest.c >&5
configure:4328: $? = 0
configure:4341: result: none needed
configure:4366: checking whether gcc understands -c and -o together
configure:4388: gcc -c conftest.c -o conftest2.o
configure:4391: $? = 0
configure:4388: gcc -c conftest.c -o conftest2.o
configure:4391: $? = 0
configure:4403: result: yes
configure:4423: checking whether make supports the include directive
configure:4438: make -f confmf.GNU && cat confinc.out
this is the am__doit target
configure:4441: $? = 0
configure:4460: result: yes (GNU style)
configure:4485: checking dependency style of gcc
configure:4596: result: gcc3
configure:4669: checking for g++
configure:4685: found /usr/bin/g++
configure:4696: result: g++
configure:4723: checking for C++ compiler version
configure:4732: g++ --version >&5
Apple clang version 12.0.0 (clang-1200.0.32.21)
Target: x86_64-apple-darwin19.4.0
Thread model: posix
InstalledDir: /Applications/Xcode.app/Contents/Developer/Toolchains/XcodeDefault.xctoolchain/usr/bin
Configured with: --prefix=/Applications/Xcode.app/Contents/Developer/usr --with-gxx-include-dir=/Applications/Xcode.app/Contents/Developer/Platforms/MacOSX.platform/Developer/SDKs/MacOSX.sdk/usr/include/c++/4.2.1
configure:4743: $? = 0
configure:4732: g++ -v >&5
Configured with: --prefix=/Applications/Xcode.app/Contents/Developer/usr --with-gxx-include-dir=/Applications/Xcode.app/Contents/Developer/Platforms/MacOSX.platform/Developer/SDKs/MacOSX.sdk/usr/include/c++/4.2.1
Apple clang version 12.0.0 (clang-1200.0.32.21)
Target: x86_64-apple-darwin19.4.0
Thread model: posix
InstalledDir: /Applications/Xcode.app/Contents/Developer/Toolchains/XcodeDefault.xctoolchain/usr/bin
configure:4743: $? = 0
configure:4732: g++ -V >&5
clang: error: argument to '-V' is missing (expected 1 value)
clang: error: no input files
configure:4743: $? = 1
configure:4732: g++ -qversion >&5
clang: error: unknown argument '-qversion'; did you mean '--version'?
clang: error: no input files
configure:4743: $? = 1
configure:4747: checking whether we are using the GNU C++ compiler
configure:4766: g++ -c   conftest.cpp >&5
configure:4766: $? = 0
configure:4775: result: yes
configure:4784: checking whether g++ accepts -g
configure:4804: g++ -c -g  conftest.cpp >&5
configure:4804: $? = 0
configure:4845: result: yes
configure:4870: checking dependency style of g++
configure:4981: result: gcc3
configure:5001: checking how to run the C preprocessor
configure:5032: gcc -E  conftest.c
configure:5032: $? = 0
configure:5046: gcc -E  conftest.c
conftest.c:11:10: fatal error: 'ac_nonexistent.h' file not found
#include <ac_nonexistent.h>
         ^~~~~~~~~~~~~~~~~~
1 error generated.
configure:5046: $? = 1
configure: failed program was:
| /* confdefs.h */
| #define PACKAGE_NAME "Protocol Buffers"
| #define PACKAGE_TARNAME "protobuf"
| #define PACKAGE_VERSION "3.14.0"
| #define PACKAGE_STRING "Protocol Buffers 3.14.0"
| #define PACKAGE_BUGREPORT "protobuf@googlegroups.com"
| #define PACKAGE_URL ""
| #define PACKAGE "protobuf"
| #define VERSION "3.14.0"
| /* end confdefs.h.  */
| #include <ac_nonexistent.h>
configure:5071: result: gcc -E
configure:5091: gcc -E  conftest.c
configure:5091: $? = 0
configure:5105: gcc -E  conftest.c
conftest.c:11:10: fatal error: 'ac_nonexistent.h' file not found
#include <ac_nonexistent.h>
         ^~~~~~~~~~~~~~~~~~
1 error generated.
configure:5105: $? = 1
configure: failed program was:
| /* confdefs.h */
| #define PACKAGE_NAME "Protocol Buffers"
| #define PACKAGE_TARNAME "protobuf"
| #define PACKAGE_VERSION "3.14.0"
| #define PACKAGE_STRING "Protocol Buffers 3.14.0"
| #define PACKAGE_BUGREPORT "protobuf@googlegroups.com"
| #define PACKAGE_URL ""
| #define PACKAGE "protobuf"
| #define VERSION "3.14.0"
| /* end confdefs.h.  */
| #include <ac_nonexistent.h>
configure:5189: checking for gcc
configure:5205: found /usr/bin/gcc
configure:5216: result: gcc
configure:5445: checking for C compiler version
configure:5454: gcc --version >&5
Apple clang version 12.0.0 (clang-1200.0.32.21)
Target: x86_64-apple-darwin19.4.0
Thread model: posix
InstalledDir: /Applications/Xcode.app/Contents/Developer/Toolchains/XcodeDefault.xctoolchain/usr/bin
Configured with: --prefix=/Applications/Xcode.app/Contents/Developer/usr --with-gxx-include-dir=/Applications/Xcode.app/Contents/Developer/Platforms/MacOSX.platform/Developer/SDKs/MacOSX.sdk/usr/include/c++/4.2.1
configure:5465: $? = 0
configure:5454: gcc -v >&5
Configured with: --prefix=/Applications/Xcode.app/Contents/Developer/usr --with-gxx-include-dir=/Applications/Xcode.app/Contents/Developer/Platforms/MacOSX.platform/Developer/SDKs/MacOSX.sdk/usr/include/c++/4.2.1
Apple clang version 12.0.0 (clang-1200.0.32.21)
Target: x86_64-apple-darwin19.4.0
Thread model: posix
InstalledDir: /Applications/Xcode.app/Contents/Developer/Toolchains/XcodeDefault.xctoolchain/usr/bin
configure:5465: $? = 0
configure:5454: gcc -V >&5
clang: error: argument to '-V' is missing (expected 1 value)
clang: error: no input files
configure:5465: $? = 1
configure:5454: gcc -qversion >&5
clang: error: unknown argument '-qversion'; did you mean '--version'?
clang: error: no input files
configure:5465: $? = 1
configure:5469: checking whether we are using the GNU C compiler
configure:5497: result: yes
configure:5506: checking whether gcc accepts -g
configure:5526: gcc -c   conftest.c >&5
configure:5526: $? = 0
configure:5567: result: yes
configure:5584: checking for gcc option to accept ISO C89
configure:5660: result: none needed
configure:5685: checking whether gcc understands -c and -o together
configure:5722: result: yes
configure:5741: checking dependency style of gcc
configure:5852: result: gcc3
configure:5872: checking how to run the C preprocessor
configure:5903: gcc -E  conftest.c
configure:5903: $? = 0
configure:5917: gcc -E  conftest.c
conftest.c:11:10: fatal error: 'ac_nonexistent.h' file not found
#include <ac_nonexistent.h>
         ^~~~~~~~~~~~~~~~~~
1 error generated.
configure:5917: $? = 1
configure: failed program was:
| /* confdefs.h */
| #define PACKAGE_NAME "Protocol Buffers"
| #define PACKAGE_TARNAME "protobuf"
| #define PACKAGE_VERSION "3.14.0"
| #define PACKAGE_STRING "Protocol Buffers 3.14.0"
| #define PACKAGE_BUGREPORT "protobuf@googlegroups.com"
| #define PACKAGE_URL ""
| #define PACKAGE "protobuf"
| #define VERSION "3.14.0"
| /* end confdefs.h.  */
| #include <ac_nonexistent.h>
configure:5942: result: gcc -E
configure:5962: gcc -E  conftest.c
configure:5962: $? = 0
configure:5976: gcc -E  conftest.c
conftest.c:11:10: fatal error: 'ac_nonexistent.h' file not found
#include <ac_nonexistent.h>
         ^~~~~~~~~~~~~~~~~~
1 error generated.
configure:5976: $? = 1
configure: failed program was:
| /* confdefs.h */
| #define PACKAGE_NAME "Protocol Buffers"
| #define PACKAGE_TARNAME "protobuf"
| #define PACKAGE_VERSION "3.14.0"
| #define PACKAGE_STRING "Protocol Buffers 3.14.0"
| #define PACKAGE_BUGREPORT "protobuf@googlegroups.com"
| #define PACKAGE_URL ""
| #define PACKAGE "protobuf"
| #define VERSION "3.14.0"
| /* end confdefs.h.  */
| #include <ac_nonexistent.h>
configure:6018: checking how to run the C++ preprocessor
configure:6045: g++ -E  conftest.cpp
configure:6045: $? = 0
configure:6059: g++ -E  conftest.cpp
conftest.cpp:11:10: fatal error: 'ac_nonexistent.h' file not found
#include <ac_nonexistent.h>
         ^~~~~~~~~~~~~~~~~~
1 error generated.
configure:6059: $? = 1
configure: failed program was:
| /* confdefs.h */
| #define PACKAGE_NAME "Protocol Buffers"
| #define PACKAGE_TARNAME "protobuf"
| #define PACKAGE_VERSION "3.14.0"
| #define PACKAGE_STRING "Protocol Buffers 3.14.0"
| #define PACKAGE_BUGREPORT "protobuf@googlegroups.com"
| #define PACKAGE_URL ""
| #define PACKAGE "protobuf"
| #define VERSION "3.14.0"
| /* end confdefs.h.  */
| #include <ac_nonexistent.h>
configure:6084: result: g++ -E
configure:6104: g++ -E  conftest.cpp
configure:6104: $? = 0
configure:6118: g++ -E  conftest.cpp
conftest.cpp:11:10: fatal error: 'ac_nonexistent.h' file not found
#include <ac_nonexistent.h>
         ^~~~~~~~~~~~~~~~~~
1 error generated.
configure:6118: $? = 1
configure: failed program was:
| /* confdefs.h */
| #define PACKAGE_NAME "Protocol Buffers"
| #define PACKAGE_TARNAME "protobuf"
| #define PACKAGE_VERSION "3.14.0"
| #define PACKAGE_STRING "Protocol Buffers 3.14.0"
| #define PACKAGE_BUGREPORT "protobuf@googlegroups.com"
| #define PACKAGE_URL ""
| #define PACKAGE "protobuf"
| #define VERSION "3.14.0"
| /* end confdefs.h.  */
| #include <ac_nonexistent.h>
configure:6211: checking for g++
configure:6227: found /usr/bin/g++
configure:6238: result: g++
configure:6265: checking for C++ compiler version
configure:6274: g++ --version >&5
Apple clang version 12.0.0 (clang-1200.0.32.21)
Target: x86_64-apple-darwin19.4.0
Thread model: posix
InstalledDir: /Applications/Xcode.app/Contents/Developer/Toolchains/XcodeDefault.xctoolchain/usr/bin
Configured with: --prefix=/Applications/Xcode.app/Contents/Developer/usr --with-gxx-include-dir=/Applications/Xcode.app/Contents/Developer/Platforms/MacOSX.platform/Developer/SDKs/MacOSX.sdk/usr/include/c++/4.2.1
configure:6285: $? = 0
configure:6274: g++ -v >&5
Configured with: --prefix=/Applications/Xcode.app/Contents/Developer/usr --with-gxx-include-dir=/Applications/Xcode.app/Contents/Developer/Platforms/MacOSX.platform/Developer/SDKs/MacOSX.sdk/usr/include/c++/4.2.1
Apple clang version 12.0.0 (clang-1200.0.32.21)
Target: x86_64-apple-darwin19.4.0
Thread model: posix
InstalledDir: /Applications/Xcode.app/Contents/Developer/Toolchains/XcodeDefault.xctoolchain/usr/bin
configure:6285: $? = 0
configure:6274: g++ -V >&5
clang: error: argument to '-V' is missing (expected 1 value)
clang: error: no input files
configure:6285: $? = 1
configure:6274: g++ -qversion >&5
clang: error: unknown argument '-qversion'; did you mean '--version'?
clang: error: no input files
configure:6285: $? = 1
configure:6289: checking whether we are using the GNU C++ compiler
configure:6317: result: yes
configure:6326: checking whether g++ accepts -g
configure:6346: gcc -c   conftest.cpp >&5
configure:6346: $? = 0
configure:6387: result: yes
configure:6412: checking dependency style of g++
configure:6523: result: gcc3
configure:6543: checking how to run the C++ preprocessor
configure:6570: g++ -E  conftest.cpp
configure:6570: $? = 0
configure:6584: g++ -E  conftest.cpp
conftest.cpp:11:10: fatal error: 'ac_nonexistent.h' file not found
#include <ac_nonexistent.h>
         ^~~~~~~~~~~~~~~~~~
1 error generated.
configure:6584: $? = 1
configure: failed program was:
| /* confdefs.h */
| #define PACKAGE_NAME "Protocol Buffers"
| #define PACKAGE_TARNAME "protobuf"
| #define PACKAGE_VERSION "3.14.0"
| #define PACKAGE_STRING "Protocol Buffers 3.14.0"
| #define PACKAGE_BUGREPORT "protobuf@googlegroups.com"
| #define PACKAGE_URL ""
| #define PACKAGE "protobuf"
| #define VERSION "3.14.0"
| /* end confdefs.h.  */
| #include <ac_nonexistent.h>
configure:6609: result: g++ -E
configure:6629: g++ -E  conftest.cpp
configure:6629: $? = 0
configure:6643: g++ -E  conftest.cpp
conftest.cpp:11:10: fatal error: 'ac_nonexistent.h' file not found
#include <ac_nonexistent.h>
         ^~~~~~~~~~~~~~~~~~
1 error generated.
configure:6643: $? = 1
configure: failed program was:
| /* confdefs.h */
| #define PACKAGE_NAME "Protocol Buffers"
| #define PACKAGE_TARNAME "protobuf"
| #define PACKAGE_VERSION "3.14.0"
| #define PACKAGE_STRING "Protocol Buffers 3.14.0"
| #define PACKAGE_BUGREPORT "protobuf@googlegroups.com"
| #define PACKAGE_URL ""
| #define PACKAGE "protobuf"
| #define VERSION "3.14.0"
| /* end confdefs.h.  */
| #include <ac_nonexistent.h>
configure:6685: checking for grep that handles long lines and -e
configure:6743: result: /usr/bin/grep
configure:6748: checking for egrep
configure:6810: result: /usr/bin/grep -E
configure:6815: checking for ANSI C header files
configure:6835: g++ -c   conftest.cpp >&5
configure:6835: $? = 0
configure:6908: g++ -o conftest    conftest.cpp  >&5
configure:6908: $? = 0
configure:6908: ./conftest
configure:6908: $? = 0
configure:6919: result: yes
configure:6932: checking for sys/types.h
configure:6932: g++ -c   conftest.cpp >&5
configure:6932: $? = 0
configure:6932: result: yes
configure:6932: checking for sys/stat.h
configure:6932: g++ -c   conftest.cpp >&5
configure:6932: $? = 0
configure:6932: result: yes
configure:6932: checking for stdlib.h
configure:6932: g++ -c   conftest.cpp >&5
configure:6932: $? = 0
configure:6932: result: yes
configure:6932: checking for string.h
configure:6932: g++ -c   conftest.cpp >&5
configure:6932: $? = 0
configure:6932: result: yes
configure:6932: checking for memory.h
configure:6932: g++ -c   conftest.cpp >&5
configure:6932: $? = 0
configure:6932: result: yes
configure:6932: checking for strings.h
configure:6932: g++ -c   conftest.cpp >&5
configure:6932: $? = 0
configure:6932: result: yes
configure:6932: checking for inttypes.h
configure:6932: g++ -c   conftest.cpp >&5
configure:6932: $? = 0
configure:6932: result: yes
configure:6932: checking for stdint.h
configure:6932: g++ -c   conftest.cpp >&5
configure:6932: $? = 0
configure:6932: result: yes
configure:6932: checking for unistd.h
configure:6932: g++ -c   conftest.cpp >&5
configure:6932: $? = 0
configure:6932: result: yes
configure:6945: checking minix/config.h usability
configure:6945: g++ -c   conftest.cpp >&5
conftest.cpp:54:10: fatal error: 'minix/config.h' file not found
#include <minix/config.h>
         ^~~~~~~~~~~~~~~~
1 error generated.
configure:6945: $? = 1
configure: failed program was:
| /* confdefs.h */
| #define PACKAGE_NAME "Protocol Buffers"
| #define PACKAGE_TARNAME "protobuf"
| #define PACKAGE_VERSION "3.14.0"
| #define PACKAGE_STRING "Protocol Buffers 3.14.0"
| #define PACKAGE_BUGREPORT "protobuf@googlegroups.com"
| #define PACKAGE_URL ""
| #define PACKAGE "protobuf"
| #define VERSION "3.14.0"
| #define STDC_HEADERS 1
| #define HAVE_SYS_TYPES_H 1
| #define HAVE_SYS_STAT_H 1
| #define HAVE_STDLIB_H 1
| #define HAVE_STRING_H 1
| #define HAVE_MEMORY_H 1
| #define HAVE_STRINGS_H 1
| #define HAVE_INTTYPES_H 1
| #define HAVE_STDINT_H 1
| #define HAVE_UNISTD_H 1
| /* end confdefs.h.  */
| #include <stdio.h>
| #ifdef HAVE_SYS_TYPES_H
| # include <sys/types.h>
| #endif
| #ifdef HAVE_SYS_STAT_H
| # include <sys/stat.h>
| #endif
| #ifdef STDC_HEADERS
| # include <stdlib.h>
| # include <stddef.h>
| #else
| # ifdef HAVE_STDLIB_H
| #  include <stdlib.h>
| # endif
| #endif
| #ifdef HAVE_STRING_H
| # if !defined STDC_HEADERS && defined HAVE_MEMORY_H
| #  include <memory.h>
| # endif
| # include <string.h>
| #endif
| #ifdef HAVE_STRINGS_H
| # include <strings.h>
| #endif
| #ifdef HAVE_INTTYPES_H
| # include <inttypes.h>
| #endif
| #ifdef HAVE_STDINT_H
| # include <stdint.h>
| #endif
| #ifdef HAVE_UNISTD_H
| # include <unistd.h>
| #endif
| #include <minix/config.h>
configure:6945: result: no
configure:6945: checking minix/config.h presence
configure:6945: g++ -E  conftest.cpp
conftest.cpp:21:10: fatal error: 'minix/config.h' file not found
#include <minix/config.h>
         ^~~~~~~~~~~~~~~~
1 error generated.
configure:6945: $? = 1
configure: failed program was:
| /* confdefs.h */
| #define PACKAGE_NAME "Protocol Buffers"
| #define PACKAGE_TARNAME "protobuf"
| #define PACKAGE_VERSION "3.14.0"
| #define PACKAGE_STRING "Protocol Buffers 3.14.0"
| #define PACKAGE_BUGREPORT "protobuf@googlegroups.com"
| #define PACKAGE_URL ""
| #define PACKAGE "protobuf"
| #define VERSION "3.14.0"
| #define STDC_HEADERS 1
| #define HAVE_SYS_TYPES_H 1
| #define HAVE_SYS_STAT_H 1
| #define HAVE_STDLIB_H 1
| #define HAVE_STRING_H 1
| #define HAVE_MEMORY_H 1
| #define HAVE_STRINGS_H 1
| #define HAVE_INTTYPES_H 1
| #define HAVE_STDINT_H 1
| #define HAVE_UNISTD_H 1
| /* end confdefs.h.  */
| #include <minix/config.h>
configure:6945: result: no
configure:6945: checking for minix/config.h
configure:6945: result: no
configure:6966: checking whether it is safe to define __EXTENSIONS__
configure:6984: g++ -c   conftest.cpp >&5
configure:6984: $? = 0
configure:6991: result: yes
configure:7060: checking for ar
configure:7076: found /usr/bin/ar
configure:7087: result: ar
configure:7113: checking the archiver (ar) interface
configure:7129: gcc -c   conftest.c >&5
configure:7129: $? = 0
configure:7131: ar cru libconftest.a conftest.o >&5
configure:7134: $? = 0
configure:7162: result: ar
configure:7244: checking for gcc
configure:7260: found /usr/bin/gcc
configure:7271: result: gcc
configure:7296: checking for Objective C compiler version
configure:7305: gcc --version >&5
Apple clang version 12.0.0 (clang-1200.0.32.21)
Target: x86_64-apple-darwin19.4.0
Thread model: posix
InstalledDir: /Applications/Xcode.app/Contents/Developer/Toolchains/XcodeDefault.xctoolchain/usr/bin
Configured with: --prefix=/Applications/Xcode.app/Contents/Developer/usr --with-gxx-include-dir=/Applications/Xcode.app/Contents/Developer/Platforms/MacOSX.platform/Developer/SDKs/MacOSX.sdk/usr/include/c++/4.2.1
configure:7316: $? = 0
configure:7305: gcc -v >&5
Configured with: --prefix=/Applications/Xcode.app/Contents/Developer/usr --with-gxx-include-dir=/Applications/Xcode.app/Contents/Developer/Platforms/MacOSX.platform/Developer/SDKs/MacOSX.sdk/usr/include/c++/4.2.1
Apple clang version 12.0.0 (clang-1200.0.32.21)
Target: x86_64-apple-darwin19.4.0
Thread model: posix
InstalledDir: /Applications/Xcode.app/Contents/Developer/Toolchains/XcodeDefault.xctoolchain/usr/bin
configure:7316: $? = 0
configure:7305: gcc -V >&5
clang: error: argument to '-V' is missing (expected 1 value)
clang: error: no input files
configure:7316: $? = 1
configure:7305: gcc -qversion >&5
clang: error: unknown argument '-qversion'; did you mean '--version'?
clang: error: no input files
configure:7316: $? = 1
configure:7320: checking whether we are using the GNU Objective C compiler
configure:7339: gcc -c   conftest.m >&5
configure:7339: $? = 0
configure:7348: result: yes
configure:7357: checking whether gcc accepts -g
configure:7377: gcc -c -g  conftest.m >&5
configure:7377: $? = 0
configure:7418: result: yes
configure:7443: checking dependency style of gcc
configure:7552: result: gcc3
configure:7569: checking C++ compiler flags...
configure:7585: result: use default: -O2  -g -std=c++11 -DNDEBUG
configure:7605: checking whether __SUNPRO_CC is declared
configure:7605: g++ -c  -g -std=c++11 -DNDEBUG  conftest.cpp >&5
conftest.cpp:64:10: error: use of undeclared identifier '__SUNPRO_CC'
  (void) __SUNPRO_CC;
         ^
1 error generated.
configure:7605: $? = 1
configure: failed program was:
| /* confdefs.h */
| #define PACKAGE_NAME "Protocol Buffers"
| #define PACKAGE_TARNAME "protobuf"
| #define PACKAGE_VERSION "3.14.0"
| #define PACKAGE_STRING "Protocol Buffers 3.14.0"
| #define PACKAGE_BUGREPORT "protobuf@googlegroups.com"
| #define PACKAGE_URL ""
| #define PACKAGE "protobuf"
| #define VERSION "3.14.0"
| #define STDC_HEADERS 1
| #define HAVE_SYS_TYPES_H 1
| #define HAVE_SYS_STAT_H 1
| #define HAVE_STDLIB_H 1
| #define HAVE_STRING_H 1
| #define HAVE_MEMORY_H 1
| #define HAVE_STRINGS_H 1
| #define HAVE_INTTYPES_H 1
| #define HAVE_STDINT_H 1
| #define HAVE_UNISTD_H 1
| #define __EXTENSIONS__ 1
| #define _ALL_SOURCE 1
| #define _GNU_SOURCE 1
| #define _POSIX_PTHREAD_SEMANTICS 1
| #define _TANDEM_SOURCE 1
| /* end confdefs.h.  */
| #include <stdio.h>
| #ifdef HAVE_SYS_TYPES_H
| # include <sys/types.h>
| #endif
| #ifdef HAVE_SYS_STAT_H
| # include <sys/stat.h>
| #endif
| #ifdef STDC_HEADERS
| # include <stdlib.h>
| # include <stddef.h>
| #else
| # ifdef HAVE_STDLIB_H
| #  include <stdlib.h>
| # endif
| #endif
| #ifdef HAVE_STRING_H
| # if !defined STDC_HEADERS && defined HAVE_MEMORY_H
| #  include <memory.h>
| # endif
| # include <string.h>
| #endif
| #ifdef HAVE_STRINGS_H
| # include <strings.h>
| #endif
| #ifdef HAVE_INTTYPES_H
| # include <inttypes.h>
| #endif
| #ifdef HAVE_STDINT_H
| # include <stdint.h>
| #endif
| #ifdef HAVE_UNISTD_H
| # include <unistd.h>
| #endif
| int
| main ()
| {
| #ifndef __SUNPRO_CC
| #ifdef __cplusplus
|   (void) __SUNPRO_CC;
| #else
|   (void) __SUNPRO_CC;
| #endif
| #endif
| 
|   ;
|   return 0;
| }
configure:7605: result: no
configure:7774: checking how to print strings
configure:7801: result: printf
configure:7822: checking for a sed that does not truncate output
configure:7886: result: /usr/bin/sed
configure:7904: checking for fgrep
configure:7966: result: /usr/bin/grep -F
configure:8001: checking for ld used by gcc
configure:8068: result: /Applications/Xcode.app/Contents/Developer/Toolchains/XcodeDefault.xctoolchain/usr/bin/ld
configure:8075: checking if the linker (/Applications/Xcode.app/Contents/Developer/Toolchains/XcodeDefault.xctoolchain/usr/bin/ld) is GNU ld
configure:8090: result: no
configure:8102: checking for BSD- or MS-compatible name lister (nm)
configure:8156: result: /usr/bin/nm -B
configure:8286: checking the name lister (/usr/bin/nm -B) interface
configure:8293: g++ -c  -g -std=c++11 -DNDEBUG  conftest.cpp >&5
configure:8296: /usr/bin/nm -B "conftest.o"
configure:8299: output
0000000000000298 S _some_variable
configure:8306: result: BSD nm
configure:8309: checking whether ln -s works
configure:8313: result: yes
configure:8321: checking the maximum length of command line arguments
configure:8452: result: 196608
configure:8500: checking how to convert x86_64-apple-darwin19.4.0 file names to x86_64-apple-darwin19.4.0 format
configure:8540: result: func_convert_file_noop
configure:8547: checking how to convert x86_64-apple-darwin19.4.0 file names to toolchain format
configure:8567: result: func_convert_file_noop
configure:8574: checking for /Applications/Xcode.app/Contents/Developer/Toolchains/XcodeDefault.xctoolchain/usr/bin/ld option to reload object files
configure:8581: result: -r
configure:8655: checking for objdump
configure:8671: found /usr/bin/objdump
configure:8682: result: objdump
configure:8714: checking how to recognize dependent libraries
configure:8914: result: pass_all
configure:8999: checking for dlltool
configure:9029: result: no
configure:9059: checking how to associate runtime and link libraries
configure:9086: result: printf %s\n
configure:9210: checking for archiver @FILE support
configure:9227: g++ -c  -g -std=c++11 -DNDEBUG  conftest.cpp >&5
configure:9227: $? = 0
configure:9230: ar cru libconftest.a @conftest.lst >&5
ar: @conftest.lst: No such file or directory
configure:9233: $? = 1
configure:9253: result: no
configure:9311: checking for strip
configure:9327: found /usr/bin/strip
configure:9338: result: strip
configure:9410: checking for ranlib
configure:9426: found /usr/bin/ranlib
configure:9437: result: ranlib
configure:9539: checking command to parse /usr/bin/nm -B output from gcc object
configure:9692: g++ -c  -g -std=c++11 -DNDEBUG  conftest.cpp >&5
configure:9695: $? = 0
configure:9699: /usr/bin/nm -B conftest.o \| sed -n -e 's/^.*[ ]\([BCDEGRST][BCDEGRST]*\)[ ][ ]*\([_A-Za-z][_A-Za-z0-9]*\)$/\1 \2 \2/p' | sed '/ __gnu_lto/d' \> conftest.nm
configure:9702: $? = 0
cannot find nm_test_var in conftest.nm
configure:9692: g++ -c  -g -std=c++11 -DNDEBUG  conftest.cpp >&5
configure:9695: $? = 0
configure:9699: /usr/bin/nm -B conftest.o \| sed -n -e 's/^.*[ ]\([BCDEGRST][BCDEGRST]*\)[ ][ ]*_\([_A-Za-z][_A-Za-z0-9]*\)$/\1 _\2 \2/p' | sed '/ __gnu_lto/d' \> conftest.nm
configure:9702: $? = 0
configure:9768: g++ -o conftest  -g -std=c++11 -DNDEBUG   conftest.cpp conftstm.o >&5
configure:9771: $? = 0
configure:9809: result: ok
configure:9856: checking for sysroot
configure:9886: result: no
configure:9893: checking for a working dd
configure:9931: result: /bin/dd
configure:9935: checking how to truncate binary pipes
configure:9950: result: /bin/dd bs=4096 count=1
configure:10279: checking for mt
configure:10309: result: no
configure:10329: checking if : is a manifest tool
configure:10335: : '-?'
configure:10343: result: no
configure:10399: checking for dsymutil
configure:10415: found /usr/bin/dsymutil
configure:10426: result: dsymutil
configure:10491: checking for nmedit
configure:10507: found /usr/bin/nmedit
configure:10518: result: nmedit
configure:10583: checking for lipo
configure:10599: found /usr/bin/lipo
configure:10610: result: lipo
configure:10675: checking for otool
configure:10691: found /usr/bin/otool
configure:10702: result: otool
configure:10767: checking for otool64
configure:10797: result: no
configure:10842: checking for -single_module linker flag
gcc   -o libconftest.dylib -dynamiclib -Wl,-single_module conftest.c
configure:10875: result: yes
configure:10878: checking for -exported_symbols_list linker flag
configure:10898: g++ -o conftest  -g -std=c++11 -DNDEBUG   -Wl,-exported_symbols_list,conftest.sym conftest.cpp  >&5
configure:10898: $? = 0
configure:10908: result: yes
configure:10911: checking for -force_load linker flag
gcc  -c -o conftest.o conftest.c
ar cru libconftest.a conftest.o
ranlib libconftest.a
gcc   -o conftest conftest.c -Wl,-force_load,./libconftest.a
configure:10943: result: yes
configure:11012: checking for dlfcn.h
configure:11012: g++ -c  -g -std=c++11 -DNDEBUG  conftest.cpp >&5
configure:11012: $? = 0
configure:11012: result: yes
configure:11278: checking for objdir
configure:11293: result: .libs
configure:11557: checking if gcc supports -fno-rtti -fno-exceptions
configure:11575: gcc -c   -fno-rtti -fno-exceptions conftest.c >&5
configure:11579: $? = 0
configure:11592: result: yes
configure:11950: checking for gcc option to produce PIC
configure:11957: result: -fno-common -DPIC
configure:11965: checking if gcc PIC flag -fno-common -DPIC works
configure:11983: gcc -c   -fno-common -DPIC -DPIC conftest.c >&5
configure:11987: $? = 0
configure:12000: result: yes
configure:12029: checking if gcc static flag -static works
configure:12057: result: no
configure:12072: checking if gcc supports -c -o file.o
configure:12093: gcc -c   -o out/conftest2.o conftest.c >&5
configure:12097: $? = 0
configure:12119: result: yes
configure:12127: checking if gcc supports -c -o file.o
configure:12174: result: yes
configure:12207: checking whether the gcc linker (/Applications/Xcode.app/Contents/Developer/Toolchains/XcodeDefault.xctoolchain/usr/bin/ld) supports shared libraries
configure:13466: result: yes
configure:13706: checking dynamic linker characteristics
configure:14524: result: darwin19.4.0 dyld
configure:14646: checking how to hardcode library paths into programs
configure:14671: result: immediate
configure:15219: checking whether stripping libraries is possible
configure:15233: result: yes
configure:15259: checking if libtool supports shared libraries
configure:15261: result: yes
configure:15264: checking whether to build shared libraries
configure:15289: result: yes
configure:15292: checking whether to build static libraries
configure:15296: result: yes
configure:15319: checking how to run the C++ preprocessor
configure:15385: result: g++ -E
configure:15405: g++ -E  conftest.cpp
configure:15405: $? = 0
configure:15419: g++ -E  conftest.cpp
conftest.cpp:28:10: fatal error: 'ac_nonexistent.h' file not found
#include <ac_nonexistent.h>
         ^~~~~~~~~~~~~~~~~~
1 error generated.
configure:15419: $? = 1
configure: failed program was:
| /* confdefs.h */
| #define PACKAGE_NAME "Protocol Buffers"
| #define PACKAGE_TARNAME "protobuf"
| #define PACKAGE_VERSION "3.14.0"
| #define PACKAGE_STRING "Protocol Buffers 3.14.0"
| #define PACKAGE_BUGREPORT "protobuf@googlegroups.com"
| #define PACKAGE_URL ""
| #define PACKAGE "protobuf"
| #define VERSION "3.14.0"
| #define STDC_HEADERS 1
| #define HAVE_SYS_TYPES_H 1
| #define HAVE_SYS_STAT_H 1
| #define HAVE_STDLIB_H 1
| #define HAVE_STRING_H 1
| #define HAVE_MEMORY_H 1
| #define HAVE_STRINGS_H 1
| #define HAVE_INTTYPES_H 1
| #define HAVE_STDINT_H 1
| #define HAVE_UNISTD_H 1
| #define __EXTENSIONS__ 1
| #define _ALL_SOURCE 1
| #define _GNU_SOURCE 1
| #define _POSIX_PTHREAD_SEMANTICS 1
| #define _TANDEM_SOURCE 1
| #define HAVE_DLFCN_H 1
| #define LT_OBJDIR ".libs/"
| /* end confdefs.h.  */
| #include <ac_nonexistent.h>
configure:15581: checking for ld used by g++
configure:15648: result: /Applications/Xcode.app/Contents/Developer/Toolchains/XcodeDefault.xctoolchain/usr/bin/ld
configure:15655: checking if the linker (/Applications/Xcode.app/Contents/Developer/Toolchains/XcodeDefault.xctoolchain/usr/bin/ld) is GNU ld
configure:15670: result: no
configure:15725: checking whether the g++ linker (/Applications/Xcode.app/Contents/Developer/Toolchains/XcodeDefault.xctoolchain/usr/bin/ld) supports shared libraries
configure:16798: result: yes
configure:16834: g++ -c  -g -std=c++11 -DNDEBUG  conftest.cpp >&5
configure:16837: $? = 0
configure:17318: checking for g++ option to produce PIC
configure:17325: result: -fno-common -DPIC
configure:17333: checking if g++ PIC flag -fno-common -DPIC works
configure:17351: g++ -c  -g -std=c++11 -DNDEBUG  -fno-common -DPIC -DPIC conftest.cpp >&5
configure:17355: $? = 0
configure:17368: result: yes
configure:17391: checking if g++ static flag -static works
configure:17419: result: no
configure:17431: checking if g++ supports -c -o file.o
configure:17452: g++ -c  -g -std=c++11 -DNDEBUG  -o out/conftest2.o conftest.cpp >&5
configure:17456: $? = 0
configure:17478: result: yes
configure:17483: checking if g++ supports -c -o file.o
configure:17530: result: yes
configure:17560: checking whether the g++ linker (/Applications/Xcode.app/Contents/Developer/Toolchains/XcodeDefault.xctoolchain/usr/bin/ld) supports shared libraries
configure:17600: result: yes
configure:17741: checking dynamic linker characteristics
configure:18486: result: darwin19.4.0 dyld
configure:18551: checking how to hardcode library paths into programs
configure:18576: result: immediate
configure:18639: checking whether the linker supports version scripts
configure:18655: g++ -o conftest  -g -std=c++11 -DNDEBUG   -Wl,--version-script=conftest.map conftest.cpp  >&5
ld: unknown option: --version-script=conftest.map
clang: error: linker command failed with exit code 1 (use -v to see invocation)
configure:18655: $? = 1
configure: failed program was:
| /* confdefs.h */
| #define PACKAGE_NAME "Protocol Buffers"
| #define PACKAGE_TARNAME "protobuf"
| #define PACKAGE_VERSION "3.14.0"
| #define PACKAGE_STRING "Protocol Buffers 3.14.0"
| #define PACKAGE_BUGREPORT "protobuf@googlegroups.com"
| #define PACKAGE_URL ""
| #define PACKAGE "protobuf"
| #define VERSION "3.14.0"
| #define STDC_HEADERS 1
| #define HAVE_SYS_TYPES_H 1
| #define HAVE_SYS_STAT_H 1
| #define HAVE_STDLIB_H 1
| #define HAVE_STRING_H 1
| #define HAVE_MEMORY_H 1
| #define HAVE_STRINGS_H 1
| #define HAVE_INTTYPES_H 1
| #define HAVE_STDINT_H 1
| #define HAVE_UNISTD_H 1
| #define __EXTENSIONS__ 1
| #define _ALL_SOURCE 1
| #define _GNU_SOURCE 1
| #define _POSIX_PTHREAD_SEMANTICS 1
| #define _TANDEM_SOURCE 1
| #define HAVE_DLFCN_H 1
| #define LT_OBJDIR ".libs/"
| /* end confdefs.h.  */
| int main() { return 0; }
configure:18659: result: no
configure:18675: checking for ANSI C header files
configure:18779: result: yes
configure:18790: checking fcntl.h usability
configure:18790: g++ -c  -g -std=c++11 -DNDEBUG  conftest.cpp >&5
configure:18790: $? = 0
configure:18790: result: yes
configure:18790: checking fcntl.h presence
configure:18790: g++ -E  conftest.cpp
configure:18790: $? = 0
configure:18790: result: yes
configure:18790: checking for fcntl.h
configure:18790: result: yes
configure:18790: checking for inttypes.h
configure:18790: result: yes
configure:18790: checking limits.h usability
configure:18790: g++ -c  -g -std=c++11 -DNDEBUG  conftest.cpp >&5
configure:18790: $? = 0
configure:18790: result: yes
configure:18790: checking limits.h presence
configure:18790: g++ -E  conftest.cpp
configure:18790: $? = 0
configure:18790: result: yes
configure:18790: checking for limits.h
configure:18790: result: yes
configure:18790: checking for stdlib.h
configure:18790: result: yes
configure:18790: checking for unistd.h
configure:18790: result: yes
configure:18802: checking for working memcmp
configure:18845: g++ -o conftest  -g -std=c++11 -DNDEBUG   conftest.cpp  >&5
configure:18845: $? = 0
configure:18845: ./conftest
configure:18845: $? = 0
configure:18855: result: yes
configure:18864: checking for working strtod
configure:18905: g++ -o conftest  -g -std=c++11 -DNDEBUG   conftest.cpp  >&5
conftest.cpp:76:20: warning: ISO C++11 does not allow conversion from string literal to 'char *' [-Wwritable-strings]
    char *string = " +69";
                   ^
conftest.cpp:87:20: warning: ISO C++11 does not allow conversion from string literal to 'char *' [-Wwritable-strings]
    char *string = "NaN";
                   ^
2 warnings generated.
configure:18905: $? = 0
configure:18905: ./conftest
configure:18905: $? = 0
configure:18915: result: yes
configure:18980: checking for ftruncate
configure:18980: g++ -o conftest  -g -std=c++11 -DNDEBUG   conftest.cpp  >&5
configure:18980: $? = 0
configure:18980: result: yes
configure:18980: checking for memset
configure:18980: g++ -o conftest  -g -std=c++11 -DNDEBUG   conftest.cpp  >&5
configure:18980: $? = 0
configure:18980: result: yes
configure:18980: checking for mkdir
configure:18980: g++ -o conftest  -g -std=c++11 -DNDEBUG   conftest.cpp  >&5
configure:18980: $? = 0
configure:18980: result: yes
configure:18980: checking for strchr
configure:18980: g++ -o conftest  -g -std=c++11 -DNDEBUG   conftest.cpp  >&5
configure:18980: $? = 0
configure:18980: result: yes
configure:18980: checking for strerror
configure:18980: g++ -o conftest  -g -std=c++11 -DNDEBUG   conftest.cpp  >&5
configure:18980: $? = 0
configure:18980: result: yes
configure:18980: checking for strtol
configure:18980: g++ -o conftest  -g -std=c++11 -DNDEBUG   conftest.cpp  >&5
configure:18980: $? = 0
configure:18980: result: yes
configure:18994: checking zlib version
configure:19014: g++ -c  -g -std=c++11 -DNDEBUG  conftest.cpp >&5
configure:19014: $? = 0
configure:19016: result: ok (1.2.0.4 or later)
configure:19020: checking for library containing zlibVersion
configure:19051: g++ -o conftest  -g -std=c++11 -DNDEBUG   conftest.cpp  >&5
Undefined symbols for architecture x86_64:
  "_zlibVersion", referenced from:
      _main in conftest-5270c7.o
ld: symbol(s) not found for architecture x86_64
clang: error: linker command failed with exit code 1 (use -v to see invocation)
configure:19051: $? = 1
configure: failed program was:
| /* confdefs.h */
| #define PACKAGE_NAME "Protocol Buffers"
| #define PACKAGE_TARNAME "protobuf"
| #define PACKAGE_VERSION "3.14.0"
| #define PACKAGE_STRING "Protocol Buffers 3.14.0"
| #define PACKAGE_BUGREPORT "protobuf@googlegroups.com"
| #define PACKAGE_URL ""
| #define PACKAGE "protobuf"
| #define VERSION "3.14.0"
| #define STDC_HEADERS 1
| #define HAVE_SYS_TYPES_H 1
| #define HAVE_SYS_STAT_H 1
| #define HAVE_STDLIB_H 1
| #define HAVE_STRING_H 1
| #define HAVE_MEMORY_H 1
| #define HAVE_STRINGS_H 1
| #define HAVE_INTTYPES_H 1
| #define HAVE_STDINT_H 1
| #define HAVE_UNISTD_H 1
| #define __EXTENSIONS__ 1
| #define _ALL_SOURCE 1
| #define _GNU_SOURCE 1
| #define _POSIX_PTHREAD_SEMANTICS 1
| #define _TANDEM_SOURCE 1
| #define HAVE_DLFCN_H 1
| #define LT_OBJDIR ".libs/"
| #define STDC_HEADERS 1
| #define HAVE_FCNTL_H 1
| #define HAVE_INTTYPES_H 1
| #define HAVE_LIMITS_H 1
| #define HAVE_STDLIB_H 1
| #define HAVE_UNISTD_H 1
| #define HAVE_FTRUNCATE 1
| #define HAVE_MEMSET 1
| #define HAVE_MKDIR 1
| #define HAVE_STRCHR 1
| #define HAVE_STRERROR 1
| #define HAVE_STRTOL 1
| /* end confdefs.h.  */
| 
| /* Override any GCC internal prototype to avoid an error.
|    Use char because int might match the return type of a GCC
|    builtin and then its argument prototype would still apply.  */
| #ifdef __cplusplus
| extern "C"
| #endif
| char zlibVersion ();
| int
| main ()
| {
| return zlibVersion ();
|   ;
|   return 0;
| }
configure:19051: g++ -o conftest  -g -std=c++11 -DNDEBUG   conftest.cpp -lz   >&5
configure:19051: $? = 0
configure:19068: result: -lz
configure:19131: checking whether g++ supports C++11 features by default
configure:19444: g++ -c  -g -std=c++11 -DNDEBUG  conftest.cpp >&5
configure:19444: $? = 0
configure:19451: result: yes
configure:19828: checking whether -latomic is needed
configure:19841: g++ -o conftest  -g -std=c++11 -DNDEBUG   conftest.cpp -lz  >&5
configure:19841: $? = 0
configure:19848: result: no
configure:20071: checking whether gcc is Clang
configure:20096: result: yes
configure:20143: checking whether Clang needs flag to prevent "argument unused" warning when linking with -pthread
configure:20168: gcc -o conftest -Werror -Wunknown-warning-option  -pthread    conftest.c -lz  >&5
configure:20168: $? = 0
configure:20174: (gcc -c -Werror -Wunknown-warning-option  -pthread   conftest.c >&5) && (echo ==== >&5) && (gcc -o conftest -Werror -Wunknown-warning-option  -pthread    conftest.o -lz  >&5)
====
configure:20174: $? = 0
configure:20192: result: no
configure:20341: checking for joinable pthread attribute
configure:20359: gcc -o conftest  -pthread   conftest.c  -lz  >&5
configure:20359: $? = 0
configure:20367: result: PTHREAD_CREATE_JOINABLE
configure:20381: checking whether more special flags are required for pthreads
configure:20394: result: no
configure:20402: checking for PTHREAD_PRIO_INHERIT
configure:20418: gcc -o conftest  -pthread   conftest.c  -lz  >&5
configure:20418: $? = 0
configure:20427: result: yes
configure:20539: checking the location of hash_map
configure:20565: g++ -c  -g -std=c++11 -DNDEBUG  conftest.cpp >&5
configure:20565: $? = 0
configure:20587: g++ -c  -g -std=c++11 -DNDEBUG  conftest.cpp >&5
configure:20587: $? = 0
configure:20654: result: <unordered_map>
configure:20805: checking that generated files are newer than configure
configure:20811: result: done
configure:20874: creating ./config.status

## ---------------------- ##
## Running config.status. ##
## ---------------------- ##

This file was extended by Protocol Buffers config.status 3.14.0, which was
generated by GNU Autoconf 2.69.  Invocation command line was

  CONFIG_FILES    = 
  CONFIG_HEADERS  = 
  CONFIG_LINKS    = 
  CONFIG_COMMANDS = 
  $ ./config.status 

on xunlongchuangweideMac-mini.local

config.status:1226: creating Makefile
config.status:1226: creating src/Makefile
config.status:1226: creating benchmarks/Makefile
config.status:1226: creating conformance/Makefile
config.status:1226: creating protobuf.pc
config.status:1226: creating protobuf-lite.pc
config.status:1226: creating config.h
config.status:1455: executing depfiles commands
config.status:1532: cd src       && sed -e '/# am--include-marker/d' Makefile         | make -f - am--depfiles
config.status:1537: $? = 0
config.status:1532: cd benchmarks       && sed -e '/# am--include-marker/d' Makefile         | make -f - am--depfiles
config.status:1537: $? = 0
config.status:1532: cd conformance       && sed -e '/# am--include-marker/d' Makefile         | make -f - am--depfiles
config.status:1537: $? = 0
config.status:1455: executing libtool commands
configure:23356: === configuring in third_party/googletest (/Users/xlcw/Work/Github/GameCompanyTechnicalCode/GameClient/Framework/NetworkProtocols/Protobuf/protobuf-3.14.0/third_party/googletest)
configure:23419: running /bin/sh ./configure --disable-option-checking '--prefix=/usr/local'  --cache-file=/dev/null --srcdir=.

## ---------------- ##
## Cache variables. ##
## ---------------- ##

ac_cv_build=x86_64-apple-darwin19.4.0
ac_cv_build_prog_CPP='gcc -E'
ac_cv_build_prog_CXXCPP='g++ -E'
ac_cv_build_prog_cc_g=yes
ac_cv_build_prog_cxx_g=yes
ac_cv_c_compiler_gnu=yes
ac_cv_cxx_compiler_gnu=yes
ac_cv_cxx_hash_map='<unordered_map>'
ac_cv_cxx_hash_map_class=unordered_map
ac_cv_cxx_hash_namespace=std
ac_cv_cxx_hash_set='<unordered_set>'
ac_cv_cxx_hash_set_class=unordered_set
ac_cv_env_CCC_set=
ac_cv_env_CCC_value=
ac_cv_env_CC_set=
ac_cv_env_CC_value=
ac_cv_env_CFLAGS_set=
ac_cv_env_CFLAGS_value=
ac_cv_env_CPPFLAGS_set=
ac_cv_env_CPPFLAGS_value=
ac_cv_env_CPP_set=
ac_cv_env_CPP_value=
ac_cv_env_CXXCPP_set=
ac_cv_env_CXXCPP_value=
ac_cv_env_CXXFLAGS_set=
ac_cv_env_CXXFLAGS_value=
ac_cv_env_CXX_set=
ac_cv_env_CXX_value=
ac_cv_env_DIST_LANG_set=
ac_cv_env_DIST_LANG_value=
ac_cv_env_LDFLAGS_set=
ac_cv_env_LDFLAGS_value=
ac_cv_env_LIBS_set=
ac_cv_env_LIBS_value=
ac_cv_env_LT_SYS_LIBRARY_PATH_set=
ac_cv_env_LT_SYS_LIBRARY_PATH_value=
ac_cv_env_OBJCFLAGS_set=
ac_cv_env_OBJCFLAGS_value=
ac_cv_env_OBJC_set=
ac_cv_env_OBJC_value=
ac_cv_env_build_alias_set=
ac_cv_env_build_alias_value=
ac_cv_env_host_alias_set=
ac_cv_env_host_alias_value=
ac_cv_env_target_alias_set=
ac_cv_env_target_alias_value=
ac_cv_func_ftruncate=yes
ac_cv_func_memcmp_working=yes
ac_cv_func_memset=yes
ac_cv_func_mkdir=yes
ac_cv_func_strchr=yes
ac_cv_func_strerror=yes
ac_cv_func_strtod=yes
ac_cv_func_strtol=yes
ac_cv_have_decl___SUNPRO_CC=no
ac_cv_header_dlfcn_h=yes
ac_cv_header_fcntl_h=yes
ac_cv_header_inttypes_h=yes
ac_cv_header_limits_h=yes
ac_cv_header_memory_h=yes
ac_cv_header_minix_config_h=no
ac_cv_header_stdc=yes
ac_cv_header_stdint_h=yes
ac_cv_header_stdlib_h=yes
ac_cv_header_string_h=yes
ac_cv_header_strings_h=yes
ac_cv_header_sys_stat_h=yes
ac_cv_header_sys_types_h=yes
ac_cv_header_unistd_h=yes
ac_cv_host=x86_64-apple-darwin19.4.0
ac_cv_objc_compiler_gnu=yes
ac_cv_objext=o
ac_cv_path_EGREP='/usr/bin/grep -E'
ac_cv_path_FGREP='/usr/bin/grep -F'
ac_cv_path_GREP=/usr/bin/grep
ac_cv_path_SED=/usr/bin/sed
ac_cv_path_install='/usr/bin/install -c'
ac_cv_path_lt_DD=/bin/dd
ac_cv_prog_AWK=awk
ac_cv_prog_CPP='gcc -E'
ac_cv_prog_CXXCPP='g++ -E'
ac_cv_prog_ac_ct_AR=ar
ac_cv_prog_ac_ct_CC=gcc
ac_cv_prog_ac_ct_CC_FOR_BUILD=gcc
ac_cv_prog_ac_ct_CXX=g++
ac_cv_prog_ac_ct_CXX_FOR_BUILD=g++
ac_cv_prog_ac_ct_DSYMUTIL=dsymutil
ac_cv_prog_ac_ct_LIPO=lipo
ac_cv_prog_ac_ct_NMEDIT=nmedit
ac_cv_prog_ac_ct_OBJC=gcc
ac_cv_prog_ac_ct_OBJDUMP=objdump
ac_cv_prog_ac_ct_OTOOL=otool
ac_cv_prog_ac_ct_RANLIB=ranlib
ac_cv_prog_ac_ct_STRIP=strip
ac_cv_prog_cc_c89=
ac_cv_prog_cc_g=yes
ac_cv_prog_cxx_g=yes
ac_cv_prog_make_make_set=yes
ac_cv_prog_objc_g=yes
ac_cv_safe_to_define___extensions__=yes
ac_cv_search_zlibVersion=-lz
ac_cv_target=x86_64-apple-darwin19.4.0
am_cv_CC_dependencies_compiler_type=gcc3
am_cv_CXX_dependencies_compiler_type=gcc3
am_cv_OBJC_dependencies_compiler_type=gcc3
am_cv_ar_interface=ar
am_cv_make_support_nested_variables=yes
am_cv_prog_cc_c_o=yes
am_cv_prog_tar_ustar=gnutar
ax_cv_PTHREAD_CLANG=yes
ax_cv_PTHREAD_CLANG_NO_WARN_FLAG=no
ax_cv_PTHREAD_JOINABLE_ATTR=PTHREAD_CREATE_JOINABLE
ax_cv_PTHREAD_PRIO_INHERIT=yes
ax_cv_PTHREAD_SPECIAL_FLAGS=no
ax_cv_cxx_compile_cxx11=yes
lt_cv_apple_cc_single_mod=yes
lt_cv_ar_at_file=no
lt_cv_deplibs_check_method=pass_all
lt_cv_file_magic_cmd='$MAGIC_CMD'
lt_cv_file_magic_test_file=
lt_cv_ld_exported_symbols_list=yes
lt_cv_ld_force_load=yes
lt_cv_ld_reload_flag=-r
lt_cv_nm_interface='BSD nm'
lt_cv_objdir=.libs
lt_cv_path_LD=/Applications/Xcode.app/Contents/Developer/Toolchains/XcodeDefault.xctoolchain/usr/bin/ld
lt_cv_path_LDCXX=/Applications/Xcode.app/Contents/Developer/Toolchains/XcodeDefault.xctoolchain/usr/bin/ld
lt_cv_path_NM='/usr/bin/nm -B'
lt_cv_path_mainfest_tool=no
lt_cv_prog_compiler_c_o=yes
lt_cv_prog_compiler_c_o_CXX=yes
lt_cv_prog_compiler_pic='-fno-common -DPIC'
lt_cv_prog_compiler_pic_CXX='-fno-common -DPIC'
lt_cv_prog_compiler_pic_works=yes
lt_cv_prog_compiler_pic_works_CXX=yes
lt_cv_prog_compiler_rtti_exceptions=yes
lt_cv_prog_compiler_static_works=no
lt_cv_prog_compiler_static_works_CXX=no
lt_cv_prog_gnu_ld=no
lt_cv_prog_gnu_ldcxx=no
lt_cv_sharedlib_from_linklib_cmd='printf %s\n'
lt_cv_sys_global_symbol_pipe='sed -n -e '\''s/^.*[	 ]\([BCDEGRST][BCDEGRST]*\)[	 ][	 ]*_\([_A-Za-z][_A-Za-z0-9]*\)$/\1 _\2 \2/p'\'' | sed '\''/ __gnu_lto/d'\'''
lt_cv_sys_global_symbol_to_c_name_address='sed -n -e '\''s/^: \(.*\) .*$/  {"\1", (void *) 0},/p'\'' -e '\''s/^[BCDEGRST][BCDEGRST]* .* \(.*\)$/  {"\1", (void *) \&\1},/p'\'''
lt_cv_sys_global_symbol_to_c_name_address_lib_prefix='sed -n -e '\''s/^: \(.*\) .*$/  {"\1", (void *) 0},/p'\'' -e '\''s/^[BCDEGRST][BCDEGRST]* .* \(lib.*\)$/  {"\1", (void *) \&\1},/p'\'' -e '\''s/^[BCDEGRST][BCDEGRST]* .* \(.*\)$/  {"lib\1", (void *) \&\1},/p'\'''
lt_cv_sys_global_symbol_to_cdecl='sed -n -e '\''s/^T .* \(.*\)$/extern int \1();/p'\'' -e '\''s/^[BCDEGRST][BCDEGRST]* .* \(.*\)$/extern char \1;/p'\'''
lt_cv_sys_global_symbol_to_import=
lt_cv_sys_max_cmd_len=196608
lt_cv_to_host_file_cmd=func_convert_file_noop
lt_cv_to_tool_file_cmd=func_convert_file_noop
lt_cv_truncate_bin='/bin/dd bs=4096 count=1'

## ----------------- ##
## Output variables. ##
## ----------------- ##

ACLOCAL='${SHELL} /Users/xlcw/Work/Github/GameCompanyTechnicalCode/GameClient/Framework/NetworkProtocols/Protobuf/protobuf-3.14.0/missing aclocal-1.16'
AMDEPBACKSLASH='\'
AMDEP_FALSE='#'
AMDEP_TRUE=''
AMTAR='$${TAR-tar}'
AM_BACKSLASH='\'
AM_DEFAULT_V='$(AM_DEFAULT_VERBOSITY)'
AM_DEFAULT_VERBOSITY='0'
AM_V='$(V)'
AR='ar'
AUTOCONF='${SHELL} /Users/xlcw/Work/Github/GameCompanyTechnicalCode/GameClient/Framework/NetworkProtocols/Protobuf/protobuf-3.14.0/missing autoconf'
AUTOHEADER='${SHELL} /Users/xlcw/Work/Github/GameCompanyTechnicalCode/GameClient/Framework/NetworkProtocols/Protobuf/protobuf-3.14.0/missing autoheader'
AUTOMAKE='${SHELL} /Users/xlcw/Work/Github/GameCompanyTechnicalCode/GameClient/Framework/NetworkProtocols/Protobuf/protobuf-3.14.0/missing automake-1.16'
AWK='awk'
BUILD_EXEEXT=''
BUILD_OBJEXT=''
CC='gcc'
CCDEPMODE='depmode=gcc3'
CC_FOR_BUILD='gcc'
CFLAGS=''
CFLAGS_FOR_BUILD='-g -O2'
CPP='gcc -E'
CPPFLAGS=''
CPPFLAGS_FOR_BUILD=''
CPP_FOR_BUILD='gcc -E'
CXX='g++'
CXXCPP='g++ -E'
CXXCPPFLAGS_FOR_BUILD=''
CXXCPP_FOR_BUILD='g++ -E'
CXXDEPMODE='depmode=gcc3'
CXXFLAGS=' -g -std=c++11 -DNDEBUG'
CXXFLAGS_FOR_BUILD='-g -O2'
CXX_FOR_BUILD='g++'
CYGPATH_W='echo'
DEFS='-DHAVE_CONFIG_H'
DEPDIR='.deps'
DIST_LANG='all'
DLLTOOL='false'
DSYMUTIL='dsymutil'
DUMPBIN=''
ECHO_C='\c'
ECHO_N=''
ECHO_T=''
EGREP='/usr/bin/grep -E'
EXEEXT=''
FGREP='/usr/bin/grep -F'
GCC_FALSE='#'
GCC_TRUE=''
GREP='/usr/bin/grep'
HAVE_CXX11='1'
HAVE_LD_VERSION_SCRIPT_FALSE=''
HAVE_LD_VERSION_SCRIPT_TRUE='#'
HAVE_PTHREAD_FALSE='#'
HAVE_PTHREAD_TRUE=''
HAVE_ZLIB_FALSE='#'
HAVE_ZLIB_TRUE=''
INSTALL_DATA='${INSTALL} -m 644'
INSTALL_PROGRAM='${INSTALL}'
INSTALL_SCRIPT='${INSTALL}'
INSTALL_STRIP_PROGRAM='$(install_sh) -c -s'
ISAINFO=''
LD='/Applications/Xcode.app/Contents/Developer/Toolchains/XcodeDefault.xctoolchain/usr/bin/ld'
LDFLAGS=''
LDFLAGS_FOR_BUILD=''
LIBATOMIC_LIBS=''
LIBOBJS=''
LIBS='-lz '
LIBTOOL='$(SHELL) $(top_builddir)/libtool'
LIPO='lipo'
LN_S='ln -s'
LTLIBOBJS=''
LT_SYS_LIBRARY_PATH=''
MAINT=''
MAINTAINER_MODE_FALSE='#'
MAINTAINER_MODE_TRUE=''
MAKEINFO='${SHELL} /Users/xlcw/Work/Github/GameCompanyTechnicalCode/GameClient/Framework/NetworkProtocols/Protobuf/protobuf-3.14.0/missing makeinfo'
MANIFEST_TOOL=':'
MKDIR_P='./install-sh -c -d'
NM='/usr/bin/nm -B'
NMEDIT='nmedit'
OBJC='gcc'
OBJCDEPMODE='depmode=gcc3'
OBJCFLAGS='-g -O2'
OBJC_CONFORMANCE_TEST_FALSE='#'
OBJC_CONFORMANCE_TEST_TRUE=''
OBJDUMP='objdump'
OBJEXT='o'
OTOOL64=':'
OTOOL='otool'
PACKAGE='protobuf'
PACKAGE_BUGREPORT='protobuf@googlegroups.com'
PACKAGE_NAME='Protocol Buffers'
PACKAGE_STRING='Protocol Buffers 3.14.0'
PACKAGE_TARNAME='protobuf'
PACKAGE_URL=''
PACKAGE_VERSION='3.14.0'
PATH_SEPARATOR=':'
POW_LIB=''
PROTOBUF_OPT_FLAG='-O2'
PROTOC=''
PTHREAD_CC='gcc'
PTHREAD_CFLAGS='-pthread'
PTHREAD_LIBS=''
RANLIB='ranlib'
SED='/usr/bin/sed'
SET_MAKE=''
SHELL='/bin/sh'
STRIP='strip'
USE_EXTERNAL_PROTOC_FALSE=''
USE_EXTERNAL_PROTOC_TRUE='#'
VERSION='3.14.0'
ac_ct_AR='ar'
ac_ct_CC='gcc'
ac_ct_CC_FOR_BUILD='gcc'
ac_ct_CXX='g++'
ac_ct_CXX_FOR_BUILD='g++'
ac_ct_DUMPBIN=''
ac_ct_OBJC='gcc'
am__EXEEXT_FALSE=''
am__EXEEXT_TRUE='#'
am__fastdepCC_FALSE='#'
am__fastdepCC_TRUE=''
am__fastdepCXX_FALSE='#'
am__fastdepCXX_TRUE=''
am__fastdepOBJC_FALSE='#'
am__fastdepOBJC_TRUE=''
am__include='include'
am__isrc=''
am__leading_dot='.'
am__nodep='_no'
am__quote=''
am__tar='tar --format=ustar -chf - "$$tardir"'
am__untar='tar -xf -'
ax_pthread_config=''
bindir='${exec_prefix}/bin'
build='x86_64-apple-darwin19.4.0'
build_alias=''
build_cpu='x86_64'
build_os='darwin19.4.0'
build_vendor='apple'
datadir='${datarootdir}'
datarootdir='${prefix}/share'
docdir='${datarootdir}/doc/${PACKAGE_TARNAME}'
dvidir='${docdir}'
exec_prefix='${prefix}'
host='x86_64-apple-darwin19.4.0'
host_alias=''
host_cpu='x86_64'
host_os='darwin19.4.0'
host_vendor='apple'
htmldir='${docdir}'
includedir='${prefix}/include'
infodir='${datarootdir}/info'
install_sh='${SHELL} /Users/xlcw/Work/Github/GameCompanyTechnicalCode/GameClient/Framework/NetworkProtocols/Protobuf/protobuf-3.14.0/install-sh'
libdir='${exec_prefix}/lib'
libexecdir='${exec_prefix}/libexec'
localedir='${datarootdir}/locale'
localstatedir='${prefix}/var'
mandir='${datarootdir}/man'
mkdir_p='$(MKDIR_P)'
oldincludedir='/usr/include'
pdfdir='${docdir}'
prefix='/usr/local'
program_transform_name='s,x,x,'
psdir='${docdir}'
sbindir='${exec_prefix}/sbin'
sharedstatedir='${prefix}/com'
subdirs=' third_party/googletest'
sysconfdir='${prefix}/etc'
target='x86_64-apple-darwin19.4.0'
target_alias=''
target_cpu='x86_64'
target_os='darwin19.4.0'
target_vendor='apple'

## ----------- ##
## confdefs.h. ##
## ----------- ##

/* confdefs.h */
#define PACKAGE_NAME "Protocol Buffers"
#define PACKAGE_TARNAME "protobuf"
#define PACKAGE_VERSION "3.14.0"
#define PACKAGE_STRING "Protocol Buffers 3.14.0"
#define PACKAGE_BUGREPORT "protobuf@googlegroups.com"
#define PACKAGE_URL ""
#define PACKAGE "protobuf"
#define VERSION "3.14.0"
#define STDC_HEADERS 1
#define HAVE_SYS_TYPES_H 1
#define HAVE_SYS_STAT_H 1
#define HAVE_STDLIB_H 1
#define HAVE_STRING_H 1
#define HAVE_MEMORY_H 1
#define HAVE_STRINGS_H 1
#define HAVE_INTTYPES_H 1
#define HAVE_STDINT_H 1
#define HAVE_UNISTD_H 1
#define __EXTENSIONS__ 1
#define _ALL_SOURCE 1
#define _GNU_SOURCE 1
#define _POSIX_PTHREAD_SEMANTICS 1
#define _TANDEM_SOURCE 1
#define HAVE_DLFCN_H 1
#define LT_OBJDIR ".libs/"
#define STDC_HEADERS 1
#define HAVE_FCNTL_H 1
#define HAVE_INTTYPES_H 1
#define HAVE_LIMITS_H 1
#define HAVE_STDLIB_H 1
#define HAVE_UNISTD_H 1
#define HAVE_FTRUNCATE 1
#define HAVE_MEMSET 1
#define HAVE_MKDIR 1
#define HAVE_STRCHR 1
#define HAVE_STRERROR 1
#define HAVE_STRTOL 1
#define HAVE_ZLIB 1
#define HAVE_CXX11 1
#define HAVE_PTHREAD_PRIO_INHERIT 1
#define HAVE_PTHREAD 1
#define HAVE_HASH_MAP 1
#define HAVE_HASH_SET 1
#define HASH_MAP_H <unordered_map>
#define HASH_SET_H <unordered_set>
#define HASH_NAMESPACE std
#define HASH_MAP_CLASS unordered_map
#define HASH_SET_CLASS unordered_set

configure: exit 0
